2012-06-27 02:35:53 paged_title() [Design + Development Blog by DD9 | DD9™] [ - Part 4]
2012-06-27 10:53:35 paged_title() [Screenshots | DD9™] [ - Part 4]
2012-06-27 17:51:30 paged_title() [Screenshots | DD9™] [ - Part 4]
2012-06-28 01:26:28 paged_title() [Screenshots | DD9™] [ - Part 4]
2012-06-28 04:41:03 paged_title() [Screenshots | DD9™] [ - Part 4]
2012-06-28 08:36:06 paged_title() [Design Screenshots | DD9™] [ - Part 5]
2012-06-28 10:48:31 paged_title() [Screenshots | DD9™] [ - Part 2]
2012-06-28 15:31:39 paged_title() [Screenshots | DD9™] [ - Part 3]
2012-06-28 18:14:00 paged_title() [Design Screenshots | DD9™] [ - Part 2]
2012-06-28 20:37:31 paged_title() [Screenshots | DD9™] [ - Part 4]
2012-06-29 06:58:46 paged_title() [Screenshots | DD9™] [ - Part 5]
2012-06-29 12:40:18 paged_title() [Screenshots | DD9™] [ - Part 2]
2012-06-29 16:40:00 paged_title() [Design Screenshots | DD9™] [ - Part 2]
2012-06-30 00:45:32 paged_title() [Design + Development Blog by DD9 | DD9™] [ - Part 3]
2012-06-30 16:42:11 paged_title() [WordPress | DD9™] [ - Part 2]
2012-06-30 16:45:56 paged_title() [Design Screenshots | DD9™] [ - Part 3]
2012-06-30 23:43:03 paged_title() [Design + Development Blog by DD9 | DD9™] [ - Part 6]
2012-07-01 06:21:17 paged_title() [Screenshots | DD9™] [ - Part 5]
2012-07-01 09:53:45 paged_title() [Screenshots | DD9™] [ - Part 5]
2012-07-02 09:58:51 paged_title() [Design + Development Blog by DD9 | DD9™] [ - Part 7]
2012-07-02 13:12:19 paged_title() [Design + Development Blog by DD9 | DD9™] [ - Part 4]
2012-07-02 14:20:22 paged_title() [Design Screenshots | DD9™] [ - Part 6]
2012-07-03 19:48:41 paged_title() [Design Screenshots | DD9™] [ - Part 2]
2012-07-03 19:48:54 paged_title() [Design Screenshots | DD9™] [ - Part 3]
2012-07-03 19:49:07 paged_title() [Design Screenshots | DD9™] [ - Part 4]
2012-07-03 19:49:17 paged_title() [Design Screenshots | DD9™] [ - Part 5]
2012-07-03 19:49:27 paged_title() [Design Screenshots | DD9™] [ - Part 6]
2012-07-03 19:51:13 paged_title() [Design Screenshots | DD9™] [ - Part 7]
2012-07-04 06:24:41 paged_title() [Design + Development Blog by DD9 | DD9™] [ - Part 3]
2012-07-04 09:41:50 paged_title() [Design + Development Blog by DD9 | DD9™] [ - Part 3]
2012-07-05 21:02:36 paged_title() [Design + Development Blog by DD9 | DD9™] [ - Part 2]
2012-07-05 23:26:08 paged_title() [Screenshots | DD9™] [ - Part 3]
2012-07-06 03:51:13 paged_title() [Screenshots | DD9™] [ - Part 3]
2012-07-06 05:01:52 paged_title() [Screenshots | DD9™] [ - Part 5]
2012-07-07 08:40:21 paged_title() [Screenshots | DD9™] [ - Part 4]
2012-07-07 10:08:14 paged_title() [Hilary | DD9™] [ - Part 2]
2012-07-07 18:26:02 paged_title() [Hilary | DD9™] [ - Part 2]
2012-07-07 19:38:25 paged_title() [Design + Development Blog by DD9 | DD9™] [ - Part 2]
2012-07-07 20:14:20 paged_title() [Screenshots | DD9™] [ - Part 2]
2012-07-08 01:16:34 paged_title() [Hilary | DD9™] [ - Part 2]
2012-07-08 09:54:16 paged_title() [Screenshots | DD9™] [ - Part 5]
2012-07-08 12:18:40 paged_title() [Todd | DD9™] [ - Part 2]
2012-07-08 14:21:12 paged_title() [Screenshots | DD9™] [ - Part 4]
2012-07-08 20:37:06 paged_title() [Screenshots | DD9™] [ - Part 3]
2012-07-09 04:54:47 paged_title() [Screenshots | DD9™] [ - Part 2]
2012-07-10 04:55:44 paged_title() [Design + Development Blog by DD9 | DD9™] [ - Part 5]
2012-07-10 05:16:35 paged_title() [Screenshots | DD9™] [ - Part 5]
2012-07-10 05:20:22 paged_title() [Design + Development Blog by DD9 | DD9™] [ - Part 4]
2012-07-10 09:38:27 paged_title() [Design Screenshots | DD9™] [ - Part 2]
2012-07-10 10:56:32 paged_title() [Screenshots | DD9™] [ - Part 4]
2012-07-12 01:17:22 paged_title() [Design + Development Blog by DD9 | DD9™] [ - Part 5]
2012-07-12 04:01:03 paged_title() [Design Screenshots | DD9™] [ - Part 2]
2012-07-12 04:02:00 paged_title() [Design Screenshots | DD9™] [ - Part 3]
2012-07-12 04:02:53 paged_title() [Design Screenshots | DD9™] [ - Part 4]
2012-07-12 04:03:52 paged_title() [Design Screenshots | DD9™] [ - Part 5]
2012-07-12 04:04:20 paged_title() [Design Screenshots | DD9™] [ - Part 6]
2012-07-12 04:04:32 paged_title() [Design Screenshots | DD9™] [ - Part 7]
2012-07-12 09:04:12 paged_title() [Screenshots | DD9™] [ - Part 6]
2012-07-12 12:37:15 paged_title() [WordPress | DD9™] [ - Part 2]
2012-07-12 21:28:24 paged_title() [Design Screenshots | DD9™] [ - Part 3]
2012-07-13 11:40:46 paged_title() [Design Screenshots | DD9™] [ - Part 2]
2012-07-13 11:47:25 paged_title() [Design Screenshots | DD9™] [ - Part 3]
2012-07-13 14:59:56 paged_title() [Design Screenshots | DD9™] [ - Part 7]
2012-07-13 22:39:56 paged_title() [Design Screenshots | DD9™] [ - Part 3]
2012-07-14 14:25:55 paged_title() [Design Screenshots | DD9™] [ - Part 4]
2012-07-14 15:47:39 paged_title() [Design + Development Blog by DD9 | DD9™] [ - Part 3]
2012-07-15 04:13:56 paged_title() [Design Screenshots | DD9™] [ - Part 2]
2012-07-15 23:37:55 paged_title() [Design + Development Blog by DD9 | DD9™] [ - Part 6]
2012-07-15 23:39:21 paged_title() [Screenshots | DD9™] [ - Part 5]
2012-07-16 05:02:27 paged_title() [Design Screenshots | DD9™] [ - Part 2]
2012-07-17 10:20:20 paged_title() [Design + Development Blog by DD9 | DD9™] [ - Part 7]
2012-07-18 15:11:53 paged_title() [Design Screenshots | DD9™] [ - Part 2]
2012-07-19 12:04:07 paged_title() [Design + Development Blog by DD9 | DD9™] [ - Part 4]
2012-07-20 19:35:04 paged_title() [Design Screenshots | DD9™] [ - Part 2]
2012-07-20 22:08:39 paged_title() [Screenshots | DD9™] [ - Part 7]
2012-07-22 00:06:46 paged_title() [Hilary | DD9™] [ - Part 2]
2012-07-22 09:23:00 paged_title() [Screenshots | DD9™] [ - Part 4]
2012-07-22 14:26:25 paged_title() [Todd | DD9™] [ - Part 3]
2012-07-22 19:08:17 paged_title() [Design + Development Blog by DD9 | DD9™] [ - Part 3]
2012-07-23 00:59:00 paged_title() [Design + Development Blog by DD9 | DD9™] [ - Part 4]
2012-07-23 04:54:48 paged_title() [Screenshots | DD9™] [ - Part 3]
2012-07-23 07:18:28 paged_title() [Screenshots | DD9™] [ - Part 2]
2012-07-23 09:43:05 paged_title() [Design Screenshots | DD9™] [ - Part 5]
2012-07-23 10:34:15 paged_title() [Todd | DD9™] [ - Part 2]
2012-07-23 12:11:17 paged_title() [WordPress | DD9™] [ - Part 2]
2012-07-23 13:34:17 paged_title() [Design + Development Blog by DD9 | DD9™] [ - Part 2]
2012-07-23 16:55:08 paged_title() [Design Screenshots | DD9™] [ - Part 3]
2012-07-23 19:46:20 paged_title() [Development | DD9™] [ - Part 2]
2012-07-24 01:06:39 paged_title() [Design + Development Blog by DD9 | DD9™] [ - Part 4]
2012-07-24 02:59:43 paged_title() [WordPress | DD9™] [ - Part 2]
2012-07-24 14:39:52 paged_title() [Todd | DD9™] [ - Part 2]
2012-07-24 16:51:33 paged_title() [Todd | DD9™] [ - Part 3]
2012-07-24 17:40:04 paged_title() [Design Screenshots | DD9™] [ - Part 6]
2012-07-24 17:41:51 paged_title() [Screenshots | DD9™] [ - Part 3]
2012-07-24 18:24:50 paged_title() [Design Screenshots | DD9™] [ - Part 7]
2012-07-25 01:49:16 paged_title() [WordPress | DD9™] [ - Part 2]
2012-07-25 09:11:23 paged_title() [Screenshots | DD9™] [ - Part 4]
2012-07-25 09:27:03 paged_title() [Design + Development Blog by DD9 | DD9™] [ - Part 2]
2012-07-25 11:12:38 paged_title() [Design Screenshots | DD9™] [ - Part 6]
2012-07-25 13:00:30 paged_title() [Screenshots | DD9™] [ - Part 2]
2012-07-25 17:53:34 paged_title() [Design + Development Blog by DD9 | DD9™] [ - Part 4]
2012-07-25 21:23:09 paged_title() [Design + Development Blog by DD9 | DD9™] [ - Part 5]
2012-07-26 11:02:48 paged_title() [Hilary | DD9™] [ - Part 2]
2012-07-26 19:30:43 paged_title() [Todd | DD9™] [ - Part 2]
2012-07-26 21:24:42 paged_title() [Screenshots | DD9™] [ - Part 2]
2012-07-27 04:14:06 paged_title() [Screenshots | DD9™] [ - Part 5]
2012-07-27 10:54:54 paged_title() [Screenshots | DD9™] [ - Part 6]
2012-07-28 23:25:43 paged_title() [Screenshots | DD9™] [ - Part 4]
2012-07-29 02:42:32 paged_title() [Design Screenshots | DD9™] [ - Part 2]
2012-07-29 07:53:46 paged_title() [Design + Development Blog by DD9 | DD9™] [ - Part 3]
2012-07-30 05:02:57 paged_title() [Design + Development Blog by DD9 | DD9™] [ - Part 2]
2012-07-30 11:21:25 paged_title() [Screenshots | DD9™] [ - Part 3]
2012-07-30 12:43:24 paged_title() [Screenshots | DD9™] [ - Part 2]
2012-07-30 15:14:56 paged_title() [Design Screenshots | DD9™] [ - Part 3]
2012-07-30 17:55:15 paged_title() [Design + Development Blog by DD9 | DD9™] [ - Part 6]
2012-07-30 21:16:14 paged_title() [Design Screenshots | DD9™] [ - Part 2]
2012-07-30 21:16:39 paged_title() [Screenshots | DD9™] [ - Part 2]
2012-07-30 21:16:40 paged_title() [Development | DD9™] [ - Part 2]
2012-07-31 00:45:40 paged_title() [Design Screenshots | DD9™] [ - Part 3]
2012-07-31 08:50:30 paged_title() [Design + Development Blog by DD9 | DD9™] [ - Part 5]
2012-07-31 09:25:23 paged_title() [Screenshots | DD9™] [ - Part 6]
2012-07-31 13:41:57 paged_title() [WordPress | DD9™] [ - Part 2]
2012-07-31 14:15:21 paged_title() [Todd | DD9™] [ - Part 2]
2012-07-31 15:47:04 paged_title() [Design + Development Blog by DD9 | DD9™] [ - Part 7]
2012-08-01 11:00:34 paged_title() [Design Screenshots | DD9™] [ - Part 5]
2012-08-01 12:28:23 paged_title() [Screenshots | DD9™] [ - Part 4]
2012-08-02 10:49:24 paged_title() [Design Screenshots | DD9™] [ - Part 5]
2012-08-02 22:21:44 paged_title() [Design Screenshots | DD9™] [ - Part 2]
2012-08-02 22:29:54 paged_title() [Design Screenshots | DD9™] [ - Part 3]
2012-08-02 22:32:14 paged_title() [Design Screenshots | DD9™] [ - Part 4]
2012-08-02 22:38:19 paged_title() [Development | DD9™] [ - Part 2]
2012-08-02 22:39:59 paged_title() [Design Screenshots | DD9™] [ - Part 5]
2012-08-02 22:40:17 paged_title() [Design Screenshots | DD9™] [ - Part 6]
2012-08-02 22:41:08 paged_title() [Screenshots | DD9™] [ - Part 2]
2012-08-02 22:43:21 paged_title() [Design Screenshots | DD9™] [ - Part 7]
2012-08-02 22:45:01 paged_title() [Screenshots | DD9™] [ - Part 3]
2012-08-02 22:45:13 paged_title() [WordPress | DD9™] [ - Part 2]
2012-08-02 22:47:06 paged_title() [Screenshots | DD9™] [ - Part 4]
2012-08-02 22:47:16 paged_title() [Screenshots | DD9™] [ - Part 5]
2012-08-02 22:47:32 paged_title() [Screenshots | DD9™] [ - Part 6]
2012-08-02 22:47:34 paged_title() [Screenshots | DD9™] [ - Part 7]
2012-08-03 07:40:24 paged_title() [Design Screenshots | DD9™] [ - Part 6]
2012-08-03 17:02:01 paged_title() [Design Screenshots | DD9™] [ - Part 3]
2012-08-03 20:16:22 paged_title() [Design Screenshots | DD9™] [ - Part 7]
2012-08-03 20:53:35 paged_title() [Todd | DD9™] [ - Part 5]
2012-08-04 17:12:21 paged_title() [Screenshots | DD9™] [ - Part 6]
2012-08-05 03:03:21 paged_title() [Design Screenshots | DD9™] [ - Part 2]
2012-08-05 07:13:34 paged_title() [Design + Development Blog by DD9 | DD9™] [ - Part 2]
2012-08-05 08:09:57 paged_title() [Screenshots | DD9™] [ - Part 5]
2012-08-05 21:33:37 paged_title() [Screenshots | DD9™] [ - Part 6]
2012-08-06 07:37:42 paged_title() [Screenshots | DD9™] [ - Part 2]
2012-08-06 09:19:15 paged_title() [Screenshots | DD9™] [ - Part 3]
2012-08-06 10:15:30 paged_title() [Design Screenshots | DD9™] [ - Part 2]
2012-08-07 19:12:30 paged_title() [Design + Development Blog by DD9 | DD9™] [ - Part 4]
